2025-07-24 09:56:40,867 - PawikanSentinel - INFO - Pawikan Sentinel application started.
2025-07-24 09:56:45,238 - PawikanSentinel - INFO - CPU: 11.4%, Mem: 11.3%, Temp: 42.355°C
2025-07-24 09:56:47,558 - PawikanSentinel - INFO - CPU: 2.0%, Mem: 11.5%, Temp: 40.894°C
2025-07-24 09:56:49,932 - PawikanSentinel - INFO - CPU: 2.3%, Mem: 11.5%, Temp: 39.92°C
2025-07-24 09:56:52,235 - PawikanSentinel - INFO - CPU: 2.0%, Mem: 11.5%, Temp: 41.868°C
2025-07-24 09:56:54,539 - PawikanSentinel - INFO - CPU: 4.3%, Mem: 11.5%, Temp: 41.381°C
2025-07-24 09:56:56,881 - PawikanSentinel - INFO - CPU: 2.0%, Mem: 11.6%, Temp: 40.894°C
2025-07-24 09:56:59,183 - PawikanSentinel - INFO - CPU: 2.0%, Mem: 11.5%, Temp: 40.407°C
2025-07-24 09:57:01,487 - PawikanSentinel - INFO - CPU: 2.2%, Mem: 11.5%, Temp: 40.894°C
2025-07-24 09:57:03,853 - PawikanSentinel - INFO - CPU: 2.0%, Mem: 11.5%, Temp: 40.894°C
2025-07-24 09:57:06,234 - PawikanSentinel - INFO - CPU: 3.0%, Mem: 11.4%, Temp: 41.381°C
2025-07-24 09:57:08,539 - PawikanSentinel - INFO - CPU: 3.5%, Mem: 11.4%, Temp: 41.868°C
2025-07-24 09:57:10,905 - PawikanSentinel - INFO - CPU: 2.5%, Mem: 11.5%, Temp: 41.868°C
2025-07-24 09:57:13,208 - PawikanSentinel - INFO - CPU: 1.8%, Mem: 11.4%, Temp: 41.868°C
2025-07-24 09:57:15,511 - PawikanSentinel - INFO - CPU: 1.8%, Mem: 11.4%, Temp: 41.381°C
2025-07-24 09:57:17,866 - PawikanSentinel - INFO - CPU: 2.2%, Mem: 11.3%, Temp: 41.381°C
2025-07-24 09:57:20,166 - PawikanSentinel - INFO - CPU: 2.0%, Mem: 11.3%, Temp: 40.407°C
2025-07-24 09:57:22,470 - PawikanSentinel - INFO - CPU: 2.0%, Mem: 11.3%, Temp: 40.407°C
2025-07-24 09:57:24,822 - PawikanSentinel - INFO - CPU: 2.2%, Mem: 11.3%, Temp: 40.894°C
2025-07-24 09:57:27,123 - PawikanSentinel - INFO - CPU: 2.0%, Mem: 11.3%, Temp: 41.381°C
2025-07-24 09:57:29,425 - PawikanSentinel - INFO - CPU: 1.8%, Mem: 11.3%, Temp: 40.894°C
2025-07-24 09:57:31,781 - PawikanSentinel - INFO - CPU: 2.0%, Mem: 11.3%, Temp: 41.381°C
2025-07-24 09:57:34,081 - PawikanSentinel - INFO - CPU: 2.2%, Mem: 11.3%, Temp: 41.868°C
2025-07-24 09:57:36,385 - PawikanSentinel - INFO - CPU: 2.0%, Mem: 11.3%, Temp: 41.381°C
2025-07-24 09:57:38,736 - PawikanSentinel - INFO - CPU: 1.8%, Mem: 11.3%, Temp: 41.868°C
2025-07-24 09:57:41,038 - PawikanSentinel - INFO - CPU: 2.0%, Mem: 11.3%, Temp: 41.381°C
2025-07-24 09:57:43,340 - PawikanSentinel - INFO - CPU: 2.2%, Mem: 11.3%, Temp: 40.894°C
2025-07-24 09:57:45,686 - PawikanSentinel - INFO - CPU: 2.0%, Mem: 11.3%, Temp: 41.381°C
2025-07-24 09:57:47,985 - PawikanSentinel - INFO - CPU: 2.2%, Mem: 11.3%, Temp: 40.407°C
2025-07-24 09:57:50,289 - PawikanSentinel - INFO - CPU: 2.2%, Mem: 11.3%, Temp: 41.868°C
2025-07-24 09:57:52,641 - PawikanSentinel - INFO - CPU: 2.2%, Mem: 11.3%, Temp: 41.381°C
2025-07-24 09:57:54,943 - PawikanSentinel - INFO - CPU: 1.8%, Mem: 11.3%, Temp: 41.381°C
2025-07-24 09:57:57,245 - PawikanSentinel - INFO - CPU: 1.8%, Mem: 11.2%, Temp: 41.381°C
2025-07-24 09:57:59,800 - PawikanSentinel - INFO - CPU: 2.8%, Mem: 11.3%, Temp: 40.894°C
2025-07-24 09:58:02,212 - PawikanSentinel - INFO - CPU: 2.5%, Mem: 11.5%, Temp: 41.381°C
2025-07-24 09:58:04,627 - PawikanSentinel - INFO - CPU: 4.3%, Mem: 11.4%, Temp: 41.868°C
2025-07-24 09:58:07,023 - PawikanSentinel - INFO - CPU: 9.7%, Mem: 11.4%, Temp: 41.868°C
2025-07-24 09:58:09,377 - PawikanSentinel - INFO - CPU: 12.9%, Mem: 11.4%, Temp: 41.868°C
2025-07-24 09:58:11,705 - PawikanSentinel - INFO - CPU: 8.5%, Mem: 11.4%, Temp: 41.868°C
2025-07-24 09:58:14,214 - PawikanSentinel - INFO - CPU: 11.5%, Mem: 11.4%, Temp: 42.355°C
2025-07-24 09:58:16,663 - PawikanSentinel - INFO - CPU: 7.8%, Mem: 11.4%, Temp: 41.381°C
2025-07-24 09:58:19,153 - PawikanSentinel - INFO - CPU: 5.0%, Mem: 11.4%, Temp: 41.381°C
2025-07-24 09:58:21,658 - PawikanSentinel - INFO - CPU: 7.2%, Mem: 11.4%, Temp: 41.381°C
2025-07-24 09:58:23,961 - PawikanSentinel - INFO - CPU: 2.0%, Mem: 11.4%, Temp: 41.868°C
2025-07-24 09:58:26,310 - PawikanSentinel - INFO - CPU: 2.0%, Mem: 11.3%, Temp: 41.381°C
2025-07-24 09:58:28,612 - PawikanSentinel - INFO - CPU: 2.0%, Mem: 11.3%, Temp: 41.868°C
2025-07-24 09:58:30,915 - PawikanSentinel - INFO - CPU: 2.5%, Mem: 11.2%, Temp: 40.894°C
2025-07-24 09:58:33,279 - PawikanSentinel - INFO - CPU: 1.8%, Mem: 11.3%, Temp: 42.355°C
2025-07-24 09:58:35,579 - PawikanSentinel - INFO - CPU: 1.8%, Mem: 11.3%, Temp: 40.894°C
2025-07-24 09:58:37,883 - PawikanSentinel - INFO - CPU: 1.8%, Mem: 11.3%, Temp: 41.381°C
2025-07-24 09:58:40,247 - PawikanSentinel - INFO - CPU: 19.0%, Mem: 11.2%, Temp: 41.381°C
2025-07-24 09:58:42,551 - PawikanSentinel - INFO - CPU: 14.0%, Mem: 11.3%, Temp: 41.868°C
2025-07-24 09:58:44,851 - PawikanSentinel - INFO - CPU: 7.5%, Mem: 11.2%, Temp: 40.407°C
2025-07-24 09:58:47,531 - PawikanSentinel - INFO - CPU: 45.2%, Mem: 12.2%, Temp: 42.355°C
2025-07-24 09:58:50,214 - PawikanSentinel - INFO - CPU: 31.9%, Mem: 12.8%, Temp: 43.329°C
2025-07-24 09:58:53,152 - PawikanSentinel - INFO - CPU: 36.5%, Mem: 13.8%, Temp: 44.79°C
2025-07-24 09:58:53,662 - PawikanSentinel - INFO - Application stopped by user.
2025-07-24 09:58:53,664 - PawikanSentinel - INFO - Pawikan Sentinel application terminated.
2025-07-24 10:04:24,115 - PawikanSentinel - INFO - Pawikan Sentinel application started.
2025-07-24 10:04:27,439 - PawikanSentinel - CRITICAL - An unhandled error occurred: OpenCV(4.12.0) /io/opencv/modules/highgui/src/window.cpp:1301: error: (-2:Unspecified error) The function is not implemented. Rebuild the library with Windows, GTK+ 2.x or Cocoa support. If you are on Ubuntu or Debian, install libgtk2.0-dev and pkg-config, then re-run cmake or configure script in function 'cvShowImage'
Traceback (most recent call last):
  File "/home/gio/PawikanSentinel/src/main.py", line 113, in main
    cv2.imshow("Pawikan Sentinel", frame)
cv2.error: OpenCV(4.12.0) /io/opencv/modules/highgui/src/window.cpp:1301: error: (-2:Unspecified error) The function is not implemented. Rebuild the library with Windows, GTK+ 2.x or Cocoa support. If you are on Ubuntu or Debian, install libgtk2.0-dev and pkg-config, then re-run cmake or configure script in function 'cvShowImage'

2025-07-24 10:05:50,250 - PawikanSentinel - INFO - Pawikan Sentinel application started.
2025-07-24 10:05:57,972 - PawikanSentinel - INFO - CPU: 11.6%, Mem: 14.1%, Temp: 41.381°C
2025-07-24 10:06:00,783 - PawikanSentinel - INFO - CPU: 11.9%, Mem: 14.3%, Temp: 41.868°C
2025-07-24 10:06:03,478 - PawikanSentinel - INFO - CPU: 11.3%, Mem: 14.4%, Temp: 41.868°C
2025-07-24 10:06:05,876 - PawikanSentinel - INFO - CPU: 2.5%, Mem: 14.4%, Temp: 42.355°C
2025-07-24 10:06:08,194 - PawikanSentinel - INFO - CPU: 12.4%, Mem: 14.4%, Temp: 41.868°C
2025-07-24 10:06:10,903 - PawikanSentinel - INFO - CPU: 1.3%, Mem: 14.3%, Temp: 41.381°C
2025-07-24 10:06:13,202 - PawikanSentinel - INFO - CPU: 2.3%, Mem: 14.3%, Temp: 41.381°C
2025-07-24 10:06:15,529 - PawikanSentinel - INFO - CPU: 2.3%, Mem: 14.1%, Temp: 40.894°C
2025-07-24 10:06:17,900 - PawikanSentinel - INFO - CPU: 1.8%, Mem: 14.1%, Temp: 42.355°C
2025-07-24 10:06:20,225 - PawikanSentinel - INFO - CPU: 2.0%, Mem: 14.1%, Temp: 41.868°C
2025-07-24 10:06:22,531 - PawikanSentinel - INFO - CPU: 2.0%, Mem: 14.1%, Temp: 41.868°C
2025-07-24 10:06:24,920 - PawikanSentinel - INFO - CPU: 2.0%, Mem: 14.1%, Temp: 42.355°C
2025-07-24 10:06:27,219 - PawikanSentinel - INFO - CPU: 2.0%, Mem: 14.1%, Temp: 41.381°C
2025-07-24 10:06:29,549 - PawikanSentinel - INFO - CPU: 1.8%, Mem: 14.0%, Temp: 41.868°C
2025-07-24 10:06:31,907 - PawikanSentinel - INFO - CPU: 2.0%, Mem: 14.0%, Temp: 41.381°C
2025-07-24 10:06:34,231 - PawikanSentinel - INFO - CPU: 2.3%, Mem: 14.0%, Temp: 41.381°C
2025-07-24 10:06:36,536 - PawikanSentinel - INFO - CPU: 2.2%, Mem: 14.0%, Temp: 41.381°C
2025-07-24 10:06:38,914 - PawikanSentinel - INFO - CPU: 2.7%, Mem: 14.0%, Temp: 41.868°C
2025-07-24 10:06:41,216 - PawikanSentinel - INFO - CPU: 2.0%, Mem: 14.0%, Temp: 40.894°C
2025-07-24 10:06:43,541 - PawikanSentinel - INFO - CPU: 2.5%, Mem: 14.0%, Temp: 39.92°C
2025-07-24 10:06:45,912 - PawikanSentinel - INFO - CPU: 1.8%, Mem: 14.0%, Temp: 42.842°C
2025-07-24 10:06:48,240 - PawikanSentinel - INFO - CPU: 1.7%, Mem: 14.0%, Temp: 41.868°C
2025-07-24 10:06:50,541 - PawikanSentinel - INFO - CPU: 2.0%, Mem: 14.0%, Temp: 41.868°C
2025-07-24 10:06:52,929 - PawikanSentinel - INFO - CPU: 2.0%, Mem: 14.0%, Temp: 41.381°C
2025-07-24 10:06:55,227 - PawikanSentinel - INFO - CPU: 2.3%, Mem: 14.0%, Temp: 41.381°C
2025-07-24 10:06:57,551 - PawikanSentinel - INFO - CPU: 2.8%, Mem: 14.0%, Temp: 41.381°C
2025-07-24 10:06:59,912 - PawikanSentinel - INFO - CPU: 2.2%, Mem: 14.0%, Temp: 41.381°C
2025-07-24 10:07:02,240 - PawikanSentinel - INFO - CPU: 2.0%, Mem: 14.0%, Temp: 41.381°C
2025-07-24 10:07:04,539 - PawikanSentinel - INFO - CPU: 2.7%, Mem: 14.0%, Temp: 41.381°C
2025-07-24 10:07:06,924 - PawikanSentinel - INFO - CPU: 2.0%, Mem: 14.0%, Temp: 42.355°C
2025-07-24 10:07:09,224 - PawikanSentinel - INFO - CPU: 7.7%, Mem: 13.6%, Temp: 41.868°C
2025-07-24 10:07:11,554 - PawikanSentinel - INFO - CPU: 2.0%, Mem: 13.5%, Temp: 42.355°C
2025-07-24 10:07:13,916 - PawikanSentinel - INFO - CPU: 2.0%, Mem: 13.5%, Temp: 41.381°C
2025-07-24 10:07:16,239 - PawikanSentinel - INFO - CPU: 2.0%, Mem: 13.5%, Temp: 42.355°C
2025-07-24 10:07:18,542 - PawikanSentinel - INFO - CPU: 1.8%, Mem: 13.4%, Temp: 41.381°C
2025-07-24 10:07:20,927 - PawikanSentinel - INFO - CPU: 2.8%, Mem: 13.5%, Temp: 41.868°C
2025-07-24 10:07:23,256 - PawikanSentinel - INFO - CPU: 10.6%, Mem: 13.5%, Temp: 42.842°C
2025-07-24 10:07:25,584 - PawikanSentinel - INFO - CPU: 4.5%, Mem: 12.5%, Temp: 42.355°C
2025-07-24 10:07:27,888 - PawikanSentinel - INFO - CPU: 4.3%, Mem: 12.5%, Temp: 41.868°C
2025-07-24 10:07:30,270 - PawikanSentinel - INFO - CPU: 1.5%, Mem: 12.5%, Temp: 41.381°C
2025-07-24 10:07:32,654 - PawikanSentinel - INFO - CPU: 3.5%, Mem: 12.4%, Temp: 41.381°C
2025-07-24 10:07:35,028 - PawikanSentinel - INFO - CPU: 8.3%, Mem: 12.4%, Temp: 40.894°C
2025-07-24 10:07:37,340 - PawikanSentinel - INFO - CPU: 2.5%, Mem: 12.5%, Temp: 41.868°C
2025-07-24 10:07:39,727 - PawikanSentinel - INFO - CPU: 2.5%, Mem: 12.4%, Temp: 41.868°C
2025-07-24 10:07:42,025 - PawikanSentinel - INFO - CPU: 2.5%, Mem: 12.4%, Temp: 41.381°C
2025-07-24 10:07:44,358 - PawikanSentinel - INFO - CPU: 2.0%, Mem: 12.4%, Temp: 41.381°C
2025-07-24 10:07:46,717 - PawikanSentinel - INFO - CPU: 2.7%, Mem: 12.4%, Temp: 41.868°C
2025-07-24 10:07:49,040 - PawikanSentinel - INFO - CPU: 3.0%, Mem: 12.4%, Temp: 40.894°C
2025-07-24 10:07:51,347 - PawikanSentinel - INFO - CPU: 2.5%, Mem: 12.4%, Temp: 41.381°C
2025-07-24 10:07:53,734 - PawikanSentinel - INFO - CPU: 2.0%, Mem: 12.3%, Temp: 41.868°C
2025-07-24 10:07:56,035 - PawikanSentinel - INFO - CPU: 2.2%, Mem: 12.3%, Temp: 41.868°C
2025-07-24 10:07:58,360 - PawikanSentinel - INFO - CPU: 2.5%, Mem: 12.3%, Temp: 40.894°C
2025-07-24 10:08:00,717 - PawikanSentinel - INFO - CPU: 2.0%, Mem: 12.3%, Temp: 40.894°C
2025-07-24 10:08:03,045 - PawikanSentinel - INFO - CPU: 2.0%, Mem: 12.3%, Temp: 41.868°C
2025-07-24 10:08:05,350 - PawikanSentinel - INFO - CPU: 2.3%, Mem: 12.3%, Temp: 40.407°C
2025-07-24 10:08:07,722 - PawikanSentinel - INFO - CPU: 2.5%, Mem: 12.3%, Temp: 41.868°C
2025-07-24 10:08:10,024 - PawikanSentinel - INFO - CPU: 2.0%, Mem: 12.3%, Temp: 41.868°C
2025-07-24 10:08:12,354 - PawikanSentinel - INFO - CPU: 2.0%, Mem: 12.3%, Temp: 42.842°C
2025-07-24 10:08:14,721 - PawikanSentinel - INFO - CPU: 2.0%, Mem: 12.3%, Temp: 41.381°C
2025-07-24 10:08:17,050 - PawikanSentinel - INFO - CPU: 2.5%, Mem: 12.3%, Temp: 41.381°C
2025-07-24 10:08:19,354 - PawikanSentinel - INFO - CPU: 2.2%, Mem: 12.3%, Temp: 40.894°C
2025-07-24 10:08:21,739 - PawikanSentinel - INFO - CPU: 2.3%, Mem: 12.3%, Temp: 41.868°C
2025-07-24 10:08:24,041 - PawikanSentinel - INFO - CPU: 2.2%, Mem: 12.3%, Temp: 40.894°C
2025-07-24 10:08:26,371 - PawikanSentinel - INFO - CPU: 2.0%, Mem: 12.3%, Temp: 41.381°C
2025-07-24 10:08:28,726 - PawikanSentinel - INFO - CPU: 2.7%, Mem: 12.3%, Temp: 41.868°C
2025-07-24 10:08:31,050 - PawikanSentinel - INFO - CPU: 2.5%, Mem: 12.3%, Temp: 41.868°C
2025-07-24 10:08:33,354 - PawikanSentinel - INFO - CPU: 1.8%, Mem: 12.3%, Temp: 41.381°C
2025-07-24 10:08:35,739 - PawikanSentinel - INFO - CPU: 2.3%, Mem: 12.3%, Temp: 42.355°C
2025-07-24 10:08:38,040 - PawikanSentinel - INFO - CPU: 2.0%, Mem: 12.3%, Temp: 41.381°C
2025-07-24 10:08:40,367 - PawikanSentinel - INFO - CPU: 2.0%, Mem: 12.3%, Temp: 41.381°C
2025-07-24 10:08:42,728 - PawikanSentinel - INFO - CPU: 2.0%, Mem: 12.3%, Temp: 41.381°C
2025-07-24 10:08:45,056 - PawikanSentinel - INFO - CPU: 1.8%, Mem: 12.3%, Temp: 41.868°C
2025-07-24 10:08:47,356 - PawikanSentinel - INFO - CPU: 2.5%, Mem: 12.3%, Temp: 42.355°C
2025-07-24 10:08:49,751 - PawikanSentinel - INFO - CPU: 2.5%, Mem: 12.5%, Temp: 42.355°C
2025-07-24 10:08:52,050 - PawikanSentinel - INFO - CPU: 9.8%, Mem: 12.5%, Temp: 41.868°C
2025-07-24 10:08:54,392 - PawikanSentinel - INFO - CPU: 12.8%, Mem: 12.6%, Temp: 41.868°C
2025-07-24 10:08:56,731 - PawikanSentinel - INFO - CPU: 1.8%, Mem: 12.6%, Temp: 41.868°C
2025-07-24 10:08:59,073 - PawikanSentinel - INFO - CPU: 2.8%, Mem: 12.6%, Temp: 41.868°C
2025-07-24 10:09:01,407 - PawikanSentinel - INFO - CPU: 6.8%, Mem: 12.5%, Temp: 41.868°C
2025-07-24 10:09:03,781 - PawikanSentinel - INFO - CPU: 1.0%, Mem: 12.6%, Temp: 42.355°C
2025-07-24 10:09:06,211 - PawikanSentinel - INFO - CPU: 12.7%, Mem: 12.5%, Temp: 42.842°C
2025-07-24 10:09:06,999 - PawikanSentinel - INFO - Application stopped by user.
2025-07-24 10:09:07,003 - PawikanSentinel - INFO - Pawikan Sentinel application terminated.
2025-07-24 10:11:57,900 - PawikanSentinel - INFO - Pawikan Sentinel application started.
2025-07-24 10:12:02,325 - PawikanSentinel - INFO - CPU: 8.7%, Mem: 12.9%, Temp: 41.868°C
2025-07-24 10:12:04,708 - PawikanSentinel - INFO - CPU: 14.7%, Mem: 13.4%, Temp: 40.894°C
2025-07-24 10:12:07,026 - PawikanSentinel - INFO - CPU: 2.0%, Mem: 13.4%, Temp: 40.894°C
2025-07-24 10:12:09,349 - PawikanSentinel - INFO - CPU: 1.8%, Mem: 13.3%, Temp: 42.355°C
2025-07-24 10:12:11,710 - PawikanSentinel - INFO - CPU: 2.2%, Mem: 13.3%, Temp: 40.894°C
2025-07-24 10:12:14,038 - PawikanSentinel - INFO - CPU: 3.5%, Mem: 13.3%, Temp: 41.381°C
2025-07-24 10:12:16,356 - PawikanSentinel - INFO - CPU: 2.2%, Mem: 13.3%, Temp: 41.381°C
2025-07-24 10:12:18,757 - PawikanSentinel - INFO - CPU: 13.2%, Mem: 13.2%, Temp: 40.894°C
2025-07-24 10:12:21,168 - PawikanSentinel - INFO - CPU: 12.3%, Mem: 13.2%, Temp: 42.355°C
2025-07-24 10:12:23,711 - PawikanSentinel - INFO - CPU: 8.8%, Mem: 13.1%, Temp: 43.329°C
2025-07-24 10:12:26,035 - PawikanSentinel - INFO - CPU: 13.2%, Mem: 13.1%, Temp: 42.355°C
2025-07-24 10:12:28,358 - PawikanSentinel - INFO - CPU: 2.0%, Mem: 13.1%, Temp: 41.381°C
2025-07-24 10:12:30,726 - PawikanSentinel - INFO - CPU: 2.2%, Mem: 13.1%, Temp: 40.894°C
2025-07-24 10:12:33,046 - PawikanSentinel - INFO - CPU: 2.7%, Mem: 13.1%, Temp: 42.355°C
2025-07-24 10:12:35,365 - PawikanSentinel - INFO - CPU: 3.0%, Mem: 13.0%, Temp: 41.868°C
2025-07-24 10:12:36,692 - PawikanSentinel - INFO - Application stopped by user.
2025-07-24 10:12:36,698 - PawikanSentinel - INFO - Pawikan Sentinel application terminated.
2025-07-24 10:19:43,902 - PawikanSentinel - INFO - Pawikan Sentinel application started.
2025-07-24 10:19:48,782 - PawikanSentinel - INFO - CPU: 9.6%, Mem: 12.5%, Temp: 41.381°C
2025-07-24 10:19:51,515 - PawikanSentinel - INFO - CPU: 5.0%, Mem: 12.7%, Temp: 41.868°C
2025-07-24 10:19:53,894 - PawikanSentinel - INFO - CPU: 1.2%, Mem: 12.7%, Temp: 40.894°C
2025-07-24 10:19:56,232 - PawikanSentinel - INFO - CPU: 1.5%, Mem: 12.7%, Temp: 40.407°C
2025-07-24 10:19:58,562 - PawikanSentinel - INFO - CPU: 2.0%, Mem: 12.7%, Temp: 40.407°C
2025-07-24 10:20:00,947 - PawikanSentinel - INFO - CPU: 1.8%, Mem: 12.7%, Temp: 40.407°C
2025-07-24 10:20:03,280 - PawikanSentinel - INFO - CPU: 1.3%, Mem: 12.6%, Temp: 40.894°C
2025-07-24 10:20:05,613 - PawikanSentinel - INFO - CPU: 2.0%, Mem: 12.6%, Temp: 41.381°C
2025-07-24 10:20:07,996 - PawikanSentinel - INFO - CPU: 2.0%, Mem: 12.6%, Temp: 41.381°C
2025-07-24 10:20:10,321 - PawikanSentinel - INFO - CPU: 2.5%, Mem: 12.5%, Temp: 40.407°C
2025-07-24 10:20:12,648 - PawikanSentinel - INFO - CPU: 2.0%, Mem: 12.5%, Temp: 41.381°C
2025-07-24 10:20:15,039 - PawikanSentinel - INFO - CPU: 1.8%, Mem: 12.5%, Temp: 40.407°C
2025-07-24 10:20:17,366 - PawikanSentinel - INFO - CPU: 2.0%, Mem: 12.4%, Temp: 41.381°C
2025-07-24 10:20:19,699 - PawikanSentinel - INFO - CPU: 2.0%, Mem: 12.4%, Temp: 40.894°C
2025-07-24 10:20:22,087 - PawikanSentinel - INFO - CPU: 1.8%, Mem: 12.4%, Temp: 40.407°C
2025-07-24 10:20:24,418 - PawikanSentinel - INFO - CPU: 2.0%, Mem: 12.4%, Temp: 41.381°C
2025-07-24 10:20:26,747 - PawikanSentinel - INFO - CPU: 1.8%, Mem: 12.4%, Temp: 40.407°C
2025-07-24 10:20:29,139 - PawikanSentinel - INFO - CPU: 1.7%, Mem: 12.4%, Temp: 40.407°C
2025-07-24 10:20:31,467 - PawikanSentinel - INFO - CPU: 2.0%, Mem: 12.4%, Temp: 40.407°C
2025-07-24 10:20:32,824 - PawikanSentinel - INFO - Display closed by user.
2025-07-24 10:20:32,830 - PawikanSentinel - INFO - Pawikan Sentinel application terminated.
2025-07-24 10:24:06,246 - PawikanSentinel - INFO - Pawikan Sentinel application started.
2025-07-24 10:24:10,901 - PawikanSentinel - INFO - CPU: 9.8%, Mem: 13.5%, Temp: 41.381°C
2025-07-24 10:24:12,519 - PawikanSentinel - INFO - CPU: 2.5%, Mem: 13.8%, Temp: 42.355°C
2025-07-24 10:24:13,947 - PawikanSentinel - INFO - CPU: 2.3%, Mem: 13.8%, Temp: 40.407°C
2025-07-24 10:24:15,350 - PawikanSentinel - INFO - CPU: 1.5%, Mem: 13.8%, Temp: 41.381°C
2025-07-24 10:24:17,069 - PawikanSentinel - INFO - CPU: 6.6%, Mem: 13.7%, Temp: 42.842°C
2025-07-24 10:24:18,597 - PawikanSentinel - INFO - CPU: 12.5%, Mem: 13.7%, Temp: 42.355°C
2025-07-24 10:24:20,000 - PawikanSentinel - INFO - CPU: 1.5%, Mem: 13.8%, Temp: 41.381°C
2025-07-24 10:24:21,383 - PawikanSentinel - INFO - CPU: 6.0%, Mem: 13.7%, Temp: 40.894°C
2025-07-24 10:24:22,861 - PawikanSentinel - INFO - CPU: 1.5%, Mem: 13.7%, Temp: 41.381°C
2025-07-24 10:24:24,317 - PawikanSentinel - INFO - CPU: 10.8%, Mem: 13.7%, Temp: 41.381°C
2025-07-24 10:24:25,690 - PawikanSentinel - INFO - CPU: 2.5%, Mem: 13.7%, Temp: 41.868°C
2025-07-24 10:24:27,103 - PawikanSentinel - INFO - CPU: 1.3%, Mem: 13.7%, Temp: 41.868°C
2025-07-24 10:24:28,464 - PawikanSentinel - INFO - CPU: 3.0%, Mem: 13.7%, Temp: 40.894°C
2025-07-24 10:24:29,891 - PawikanSentinel - INFO - CPU: 2.2%, Mem: 13.6%, Temp: 41.381°C
2025-07-24 10:24:31,253 - PawikanSentinel - INFO - CPU: 2.5%, Mem: 13.7%, Temp: 42.842°C
2025-07-24 10:24:32,634 - PawikanSentinel - INFO - CPU: 2.2%, Mem: 13.6%, Temp: 41.868°C
2025-07-24 10:24:34,002 - PawikanSentinel - INFO - CPU: 2.5%, Mem: 13.5%, Temp: 41.381°C
2025-07-24 10:24:35,443 - PawikanSentinel - INFO - CPU: 2.7%, Mem: 13.5%, Temp: 41.381°C
2025-07-24 10:24:36,830 - PawikanSentinel - INFO - CPU: 2.0%, Mem: 13.5%, Temp: 41.381°C
2025-07-24 10:24:38,212 - PawikanSentinel - INFO - CPU: 2.5%, Mem: 13.5%, Temp: 40.894°C
2025-07-24 10:24:39,581 - PawikanSentinel - INFO - CPU: 1.8%, Mem: 13.5%, Temp: 41.868°C
2025-07-24 10:24:41,004 - PawikanSentinel - INFO - CPU: 2.5%, Mem: 13.5%, Temp: 41.381°C
2025-07-24 10:24:42,399 - PawikanSentinel - INFO - CPU: 1.7%, Mem: 13.5%, Temp: 41.868°C
2025-07-24 10:24:43,777 - PawikanSentinel - INFO - CPU: 2.5%, Mem: 13.5%, Temp: 41.868°C
2025-07-24 10:24:45,140 - PawikanSentinel - INFO - CPU: 2.5%, Mem: 13.5%, Temp: 42.355°C
2025-07-24 10:24:46,590 - PawikanSentinel - INFO - CPU: 2.2%, Mem: 13.5%, Temp: 43.329°C
2025-07-24 10:24:47,963 - PawikanSentinel - INFO - CPU: 1.5%, Mem: 13.5%, Temp: 41.381°C
2025-07-24 10:24:49,355 - PawikanSentinel - INFO - CPU: 1.8%, Mem: 13.5%, Temp: 42.355°C
2025-07-24 10:24:50,726 - PawikanSentinel - INFO - CPU: 2.0%, Mem: 13.4%, Temp: 42.842°C
2025-07-24 10:24:52,170 - PawikanSentinel - INFO - CPU: 2.0%, Mem: 13.4%, Temp: 42.355°C
2025-07-24 10:24:53,534 - PawikanSentinel - INFO - CPU: 3.7%, Mem: 13.5%, Temp: 42.355°C
2025-07-24 10:24:54,914 - PawikanSentinel - INFO - CPU: 2.5%, Mem: 13.4%, Temp: 41.868°C
2025-07-24 10:24:56,301 - PawikanSentinel - INFO - CPU: 1.5%, Mem: 13.4%, Temp: 42.355°C
2025-07-24 10:24:57,737 - PawikanSentinel - INFO - CPU: 2.5%, Mem: 13.4%, Temp: 41.868°C
2025-07-24 10:24:59,134 - PawikanSentinel - INFO - CPU: 2.3%, Mem: 13.5%, Temp: 42.355°C
2025-07-24 10:25:00,519 - PawikanSentinel - INFO - CPU: 8.0%, Mem: 13.5%, Temp: 40.894°C
2025-07-24 10:25:02,112 - PawikanSentinel - INFO - CPU: 9.8%, Mem: 13.4%, Temp: 43.329°C
2025-07-24 10:25:03,917 - PawikanSentinel - INFO - CPU: 10.1%, Mem: 13.4%, Temp: 42.842°C
2025-07-24 10:25:05,299 - PawikanSentinel - INFO - CPU: 2.5%, Mem: 13.5%, Temp: 42.355°C
2025-07-24 10:25:06,743 - PawikanSentinel - INFO - CPU: 1.7%, Mem: 13.4%, Temp: 42.842°C
2025-07-24 10:25:08,137 - PawikanSentinel - INFO - CPU: 2.2%, Mem: 13.5%, Temp: 41.868°C
2025-07-24 10:25:09,529 - PawikanSentinel - INFO - CPU: 2.0%, Mem: 13.5%, Temp: 42.842°C
2025-07-24 10:25:10,894 - PawikanSentinel - INFO - CPU: 2.3%, Mem: 13.5%, Temp: 42.355°C
2025-07-24 10:25:12,321 - PawikanSentinel - INFO - CPU: 2.0%, Mem: 13.5%, Temp: 42.842°C
2025-07-24 10:25:13,733 - PawikanSentinel - INFO - CPU: 2.7%, Mem: 13.5%, Temp: 42.842°C
2025-07-24 10:25:15,163 - PawikanSentinel - INFO - CPU: 2.0%, Mem: 13.4%, Temp: 43.329°C
2025-07-24 10:25:16,528 - PawikanSentinel - INFO - CPU: 3.0%, Mem: 13.5%, Temp: 41.381°C
2025-07-24 10:25:17,914 - PawikanSentinel - INFO - CPU: 2.5%, Mem: 13.4%, Temp: 42.355°C
2025-07-24 10:25:19,323 - PawikanSentinel - INFO - CPU: 2.0%, Mem: 13.4%, Temp: 42.842°C
2025-07-24 10:25:20,708 - PawikanSentinel - INFO - CPU: 2.2%, Mem: 13.4%, Temp: 41.868°C
2025-07-24 10:25:22,075 - PawikanSentinel - INFO - CPU: 2.0%, Mem: 13.4%, Temp: 42.355°C
2025-07-24 10:25:23,458 - PawikanSentinel - INFO - CPU: 2.3%, Mem: 13.4%, Temp: 41.381°C
2025-07-24 10:25:24,862 - PawikanSentinel - INFO - CPU: 3.0%, Mem: 13.4%, Temp: 41.868°C
2025-07-24 10:25:26,242 - PawikanSentinel - INFO - CPU: 2.5%, Mem: 13.4%, Temp: 42.842°C
2025-07-24 10:25:27,602 - PawikanSentinel - INFO - CPU: 2.5%, Mem: 13.4%, Temp: 42.355°C
2025-07-24 10:25:28,985 - PawikanSentinel - INFO - CPU: 2.3%, Mem: 13.4%, Temp: 41.868°C
2025-07-24 10:25:30,394 - PawikanSentinel - INFO - CPU: 2.5%, Mem: 13.4%, Temp: 42.355°C
2025-07-24 10:25:31,773 - PawikanSentinel - INFO - CPU: 2.7%, Mem: 13.4%, Temp: 42.355°C
2025-07-24 10:25:33,140 - PawikanSentinel - INFO - CPU: 2.0%, Mem: 13.4%, Temp: 42.842°C
2025-07-24 10:25:34,523 - PawikanSentinel - INFO - CPU: 2.5%, Mem: 13.4%, Temp: 41.868°C
2025-07-24 10:25:35,931 - PawikanSentinel - INFO - CPU: 2.3%, Mem: 13.4%, Temp: 41.868°C
2025-07-24 10:25:37,317 - PawikanSentinel - INFO - CPU: 2.5%, Mem: 13.4%, Temp: 41.868°C
2025-07-24 10:25:38,683 - PawikanSentinel - INFO - CPU: 2.7%, Mem: 13.4%, Temp: 43.329°C
2025-07-24 10:25:40,068 - PawikanSentinel - INFO - CPU: 2.0%, Mem: 13.4%, Temp: 41.868°C
2025-07-24 10:25:41,487 - PawikanSentinel - INFO - CPU: 2.5%, Mem: 13.4%, Temp: 42.842°C
2025-07-24 10:25:42,873 - PawikanSentinel - INFO - CPU: 2.2%, Mem: 13.4%, Temp: 42.355°C
2025-07-24 10:25:44,237 - PawikanSentinel - INFO - CPU: 2.3%, Mem: 13.4%, Temp: 41.381°C
2025-07-24 10:25:45,621 - PawikanSentinel - INFO - CPU: 2.0%, Mem: 13.4%, Temp: 41.381°C
2025-07-24 10:25:47,032 - PawikanSentinel - INFO - CPU: 2.8%, Mem: 13.4%, Temp: 42.355°C
2025-07-24 10:25:48,629 - PawikanSentinel - INFO - CPU: 2.7%, Mem: 13.4%, Temp: 42.355°C
2025-07-24 10:25:50,015 - PawikanSentinel - INFO - CPU: 5.5%, Mem: 13.5%, Temp: 42.355°C
2025-07-24 10:25:51,556 - PawikanSentinel - INFO - CPU: 17.0%, Mem: 12.5%, Temp: 43.816°C
2025-07-24 10:25:52,923 - PawikanSentinel - INFO - CPU: 2.5%, Mem: 12.4%, Temp: 41.868°C
2025-07-24 10:25:54,307 - PawikanSentinel - INFO - CPU: 2.5%, Mem: 12.5%, Temp: 42.842°C
2025-07-24 10:25:55,806 - PawikanSentinel - INFO - CPU: 1.5%, Mem: 12.5%, Temp: 42.355°C
2025-07-24 10:25:57,232 - PawikanSentinel - INFO - CPU: 12.9%, Mem: 12.5%, Temp: 43.329°C
2025-07-24 10:25:58,627 - PawikanSentinel - INFO - CPU: 8.5%, Mem: 12.5%, Temp: 43.329°C
2025-07-24 10:26:00,008 - PawikanSentinel - INFO - CPU: 5.2%, Mem: 12.5%, Temp: 41.868°C
2025-07-24 10:26:01,369 - PawikanSentinel - INFO - CPU: 2.5%, Mem: 12.5%, Temp: 42.355°C
2025-07-24 10:26:02,752 - PawikanSentinel - INFO - CPU: 6.0%, Mem: 12.4%, Temp: 42.355°C
2025-07-24 10:26:04,140 - PawikanSentinel - INFO - CPU: 3.8%, Mem: 12.4%, Temp: 43.329°C
2025-07-24 10:26:05,531 - PawikanSentinel - INFO - CPU: 2.0%, Mem: 12.4%, Temp: 42.842°C
2025-07-24 10:26:07,221 - PawikanSentinel - INFO - CPU: 4.0%, Mem: 12.4%, Temp: 43.329°C
2025-07-24 10:26:08,654 - PawikanSentinel - INFO - CPU: 9.1%, Mem: 12.4%, Temp: 42.355°C
2025-07-24 10:26:10,108 - PawikanSentinel - INFO - CPU: 1.8%, Mem: 12.4%, Temp: 43.329°C
2025-07-24 10:26:11,490 - PawikanSentinel - INFO - CPU: 11.7%, Mem: 12.3%, Temp: 42.842°C
2025-07-24 10:26:12,918 - PawikanSentinel - INFO - CPU: 1.5%, Mem: 12.3%, Temp: 41.868°C
2025-07-24 10:26:14,297 - PawikanSentinel - INFO - CPU: 3.5%, Mem: 12.4%, Temp: 42.355°C
2025-07-24 10:26:15,700 - PawikanSentinel - INFO - CPU: 2.5%, Mem: 12.3%, Temp: 42.355°C
2025-07-24 10:26:17,082 - PawikanSentinel - INFO - CPU: 2.3%, Mem: 12.3%, Temp: 41.868°C
2025-07-24 10:26:18,442 - PawikanSentinel - INFO - CPU: 3.0%, Mem: 12.3%, Temp: 41.868°C
2025-07-24 10:26:19,862 - PawikanSentinel - INFO - CPU: 1.8%, Mem: 12.3%, Temp: 42.842°C
2025-07-24 10:26:21,279 - PawikanSentinel - INFO - CPU: 8.1%, Mem: 12.4%, Temp: 42.355°C
2025-07-24 10:26:21,280 - PawikanSentinel - WARNING - Failed to read frame. Attempting to reconnect...
2025-07-24 10:26:25,685 - PawikanSentinel - INFO - CPU: 1.8%, Mem: 12.7%, Temp: 41.381°C
2025-07-24 10:26:27,093 - PawikanSentinel - INFO - CPU: 2.5%, Mem: 12.8%, Temp: 41.868°C
2025-07-24 10:26:28,475 - PawikanSentinel - INFO - CPU: 2.3%, Mem: 12.8%, Temp: 41.868°C
2025-07-24 10:26:29,865 - PawikanSentinel - INFO - CPU: 1.7%, Mem: 12.8%, Temp: 42.355°C
2025-07-24 10:26:31,252 - PawikanSentinel - INFO - CPU: 2.0%, Mem: 12.8%, Temp: 42.355°C
2025-07-24 10:26:32,664 - PawikanSentinel - INFO - CPU: 2.7%, Mem: 12.7%, Temp: 42.842°C
2025-07-24 10:26:34,080 - PawikanSentinel - INFO - CPU: 1.5%, Mem: 12.7%, Temp: 41.868°C
2025-07-24 10:26:35,451 - PawikanSentinel - INFO - CPU: 2.3%, Mem: 12.7%, Temp: 41.868°C
2025-07-24 10:26:36,832 - PawikanSentinel - INFO - CPU: 2.7%, Mem: 12.7%, Temp: 42.842°C
2025-07-24 10:26:38,254 - PawikanSentinel - INFO - CPU: 2.2%, Mem: 12.7%, Temp: 42.355°C
2025-07-24 10:26:39,662 - PawikanSentinel - INFO - CPU: 1.7%, Mem: 12.6%, Temp: 41.868°C
2025-07-24 10:26:41,024 - PawikanSentinel - INFO - CPU: 2.5%, Mem: 12.6%, Temp: 42.842°C
2025-07-24 10:26:42,439 - PawikanSentinel - INFO - CPU: 3.0%, Mem: 12.6%, Temp: 41.381°C
2025-07-24 10:26:43,881 - PawikanSentinel - INFO - CPU: 0.8%, Mem: 12.7%, Temp: 42.842°C
2025-07-24 10:26:45,268 - PawikanSentinel - INFO - CPU: 2.2%, Mem: 12.7%, Temp: 41.868°C
2025-07-24 10:26:46,643 - PawikanSentinel - INFO - CPU: 1.2%, Mem: 12.6%, Temp: 41.868°C
2025-07-24 10:26:48,021 - PawikanSentinel - INFO - CPU: 2.7%, Mem: 12.7%, Temp: 42.355°C
2025-07-24 10:26:49,428 - PawikanSentinel - INFO - CPU: 1.8%, Mem: 12.7%, Temp: 41.381°C
2025-07-24 10:26:50,849 - PawikanSentinel - INFO - CPU: 1.3%, Mem: 12.7%, Temp: 43.816°C
2025-07-24 10:26:52,208 - PawikanSentinel - INFO - CPU: 2.5%, Mem: 12.7%, Temp: 41.381°C
2025-07-24 10:26:52,581 - PawikanSentinel - INFO - Display closed by user.
2025-07-24 10:26:52,604 - PawikanSentinel - INFO - Pawikan Sentinel application terminated.
2025-07-24 10:29:06,697 - PawikanSentinel - INFO - Pawikan Sentinel application started.
2025-07-24 10:29:11,444 - PawikanSentinel - INFO - CPU: 8.8%, Mem: 13.8%, Temp: 41.381°C
2025-07-24 10:29:12,822 - PawikanSentinel - INFO - CPU: 2.7%, Mem: 14.2%, Temp: 41.868°C
2025-07-24 10:29:14,184 - PawikanSentinel - INFO - CPU: 2.8%, Mem: 14.2%, Temp: 40.407°C
2025-07-24 10:29:15,599 - PawikanSentinel - INFO - CPU: 2.3%, Mem: 14.2%, Temp: 42.355°C
2025-07-24 10:29:16,953 - PawikanSentinel - INFO - CPU: 2.8%, Mem: 14.2%, Temp: 42.355°C
2025-07-24 10:29:18,305 - PawikanSentinel - INFO - CPU: 2.3%, Mem: 14.1%, Temp: 41.381°C
2025-07-24 10:29:19,665 - PawikanSentinel - INFO - CPU: 2.5%, Mem: 14.0%, Temp: 41.868°C
2025-07-24 10:29:21,069 - PawikanSentinel - INFO - CPU: 2.5%, Mem: 14.0%, Temp: 42.355°C
2025-07-24 10:29:22,430 - PawikanSentinel - INFO - CPU: 2.2%, Mem: 13.9%, Temp: 42.355°C
2025-07-24 10:29:23,784 - PawikanSentinel - INFO - CPU: 2.3%, Mem: 13.9%, Temp: 42.355°C
2025-07-24 10:29:25,150 - PawikanSentinel - INFO - CPU: 3.0%, Mem: 13.9%, Temp: 43.329°C
2025-07-24 10:29:26,628 - PawikanSentinel - INFO - CPU: 7.0%, Mem: 13.6%, Temp: 41.381°C
2025-07-24 10:29:27,981 - PawikanSentinel - INFO - CPU: 3.0%, Mem: 13.6%, Temp: 42.355°C
2025-07-24 10:29:29,335 - PawikanSentinel - INFO - CPU: 2.0%, Mem: 13.6%, Temp: 41.868°C
2025-07-24 10:29:30,690 - PawikanSentinel - INFO - CPU: 2.5%, Mem: 13.6%, Temp: 41.381°C
2025-07-24 10:29:32,100 - PawikanSentinel - INFO - CPU: 2.5%, Mem: 13.6%, Temp: 41.381°C
2025-07-24 10:29:33,457 - PawikanSentinel - INFO - CPU: 2.8%, Mem: 13.6%, Temp: 41.868°C
2025-07-24 10:29:34,812 - PawikanSentinel - INFO - CPU: 2.2%, Mem: 13.6%, Temp: 42.355°C
2025-07-24 10:29:36,169 - PawikanSentinel - INFO - CPU: 3.0%, Mem: 13.6%, Temp: 40.894°C
2025-07-24 10:29:37,600 - PawikanSentinel - INFO - CPU: 1.8%, Mem: 13.6%, Temp: 41.868°C
2025-07-24 10:29:39,106 - PawikanSentinel - INFO - CPU: 2.3%, Mem: 13.7%, Temp: 41.868°C
2025-07-24 10:29:40,484 - PawikanSentinel - INFO - CPU: 1.5%, Mem: 13.6%, Temp: 41.381°C
2025-07-24 10:29:41,845 - PawikanSentinel - INFO - CPU: 14.9%, Mem: 13.6%, Temp: 41.381°C
2025-07-24 10:29:43,224 - PawikanSentinel - INFO - CPU: 19.5%, Mem: 13.5%, Temp: 43.329°C
2025-07-24 10:29:44,970 - PawikanSentinel - INFO - CPU: 1.5%, Mem: 13.6%, Temp: 42.842°C
2025-07-24 10:29:46,321 - PawikanSentinel - INFO - CPU: 3.0%, Mem: 13.6%, Temp: 42.842°C
2025-07-24 10:29:47,705 - PawikanSentinel - INFO - CPU: 2.8%, Mem: 13.6%, Temp: 42.355°C
2025-07-24 10:29:49,083 - PawikanSentinel - INFO - CPU: 1.5%, Mem: 13.6%, Temp: 42.842°C
2025-07-24 10:29:50,611 - PawikanSentinel - INFO - CPU: 1.5%, Mem: 13.6%, Temp: 41.868°C
2025-07-24 10:29:51,986 - PawikanSentinel - INFO - CPU: 1.2%, Mem: 13.6%, Temp: 41.868°C
2025-07-24 10:29:53,389 - PawikanSentinel - INFO - CPU: 3.0%, Mem: 13.6%, Temp: 41.868°C
2025-07-24 10:29:54,743 - PawikanSentinel - INFO - CPU: 2.0%, Mem: 13.6%, Temp: 41.381°C
2025-07-24 10:29:56,123 - PawikanSentinel - INFO - CPU: 1.0%, Mem: 13.6%, Temp: 41.868°C
2025-07-24 10:29:57,518 - PawikanSentinel - INFO - CPU: 13.6%, Mem: 13.5%, Temp: 42.842°C
2025-07-24 10:29:58,941 - PawikanSentinel - INFO - CPU: 12.0%, Mem: 13.5%, Temp: 42.355°C
2025-07-24 10:30:00,306 - PawikanSentinel - INFO - CPU: 2.0%, Mem: 13.5%, Temp: 42.355°C
2025-07-24 10:30:01,718 - PawikanSentinel - INFO - CPU: 7.0%, Mem: 13.6%, Temp: 41.868°C
2025-07-24 10:30:03,192 - PawikanSentinel - INFO - CPU: 2.7%, Mem: 13.6%, Temp: 42.355°C
2025-07-24 10:30:04,619 - PawikanSentinel - INFO - CPU: 1.8%, Mem: 13.6%, Temp: 41.868°C
2025-07-24 10:30:06,064 - PawikanSentinel - INFO - CPU: 16.6%, Mem: 13.6%, Temp: 42.355°C
2025-07-24 10:30:07,479 - PawikanSentinel - INFO - CPU: 5.6%, Mem: 13.5%, Temp: 43.329°C
2025-07-24 10:30:08,888 - PawikanSentinel - INFO - CPU: 4.0%, Mem: 13.6%, Temp: 42.355°C
2025-07-24 10:30:10,501 - PawikanSentinel - INFO - CPU: 6.0%, Mem: 13.5%, Temp: 42.842°C
2025-07-24 10:30:11,874 - PawikanSentinel - INFO - CPU: 2.3%, Mem: 13.5%, Temp: 42.355°C
2025-07-24 10:30:13,460 - PawikanSentinel - INFO - CPU: 9.5%, Mem: 13.5%, Temp: 42.842°C
2025-07-24 10:30:14,824 - PawikanSentinel - INFO - CPU: 2.0%, Mem: 13.5%, Temp: 42.355°C
2025-07-24 10:30:16,269 - PawikanSentinel - INFO - CPU: 2.0%, Mem: 13.6%, Temp: 42.355°C
2025-07-24 10:30:17,637 - PawikanSentinel - INFO - CPU: 1.5%, Mem: 13.5%, Temp: 42.355°C
2025-07-24 10:30:19,006 - PawikanSentinel - INFO - CPU: 2.5%, Mem: 13.5%, Temp: 41.868°C
2025-07-24 10:30:20,359 - PawikanSentinel - INFO - CPU: 3.0%, Mem: 13.5%, Temp: 41.868°C
2025-07-24 10:30:21,776 - PawikanSentinel - INFO - CPU: 2.0%, Mem: 13.5%, Temp: 42.355°C
2025-07-24 10:30:23,130 - PawikanSentinel - INFO - CPU: 7.8%, Mem: 13.5%, Temp: 42.355°C
2025-07-24 10:30:24,513 - PawikanSentinel - INFO - CPU: 1.0%, Mem: 13.5%, Temp: 42.842°C
2025-07-24 10:30:25,865 - PawikanSentinel - INFO - CPU: 2.5%, Mem: 13.5%, Temp: 42.355°C
2025-07-24 10:30:27,289 - PawikanSentinel - INFO - CPU: 2.0%, Mem: 13.5%, Temp: 42.355°C
2025-07-24 10:30:28,645 - PawikanSentinel - INFO - CPU: 3.0%, Mem: 13.5%, Temp: 42.355°C
2025-07-24 10:30:30,003 - PawikanSentinel - INFO - CPU: 2.0%, Mem: 13.5%, Temp: 41.868°C
2025-07-24 10:30:31,357 - PawikanSentinel - INFO - CPU: 2.7%, Mem: 13.5%, Temp: 41.868°C
2025-07-24 10:30:32,762 - PawikanSentinel - INFO - CPU: 2.7%, Mem: 13.5%, Temp: 42.355°C
2025-07-24 10:30:34,137 - PawikanSentinel - INFO - CPU: 2.2%, Mem: 13.4%, Temp: 42.842°C
2025-07-24 10:30:35,496 - PawikanSentinel - INFO - CPU: 2.5%, Mem: 13.4%, Temp: 42.355°C
2025-07-24 10:30:36,852 - PawikanSentinel - INFO - CPU: 3.0%, Mem: 13.4%, Temp: 41.868°C
2025-07-24 10:30:38,269 - PawikanSentinel - INFO - CPU: 3.2%, Mem: 13.4%, Temp: 41.868°C
2025-07-24 10:30:39,624 - PawikanSentinel - INFO - CPU: 2.3%, Mem: 13.4%, Temp: 42.355°C
2025-07-24 10:30:40,982 - PawikanSentinel - INFO - CPU: 2.7%, Mem: 13.4%, Temp: 41.868°C
2025-07-24 10:30:42,340 - PawikanSentinel - INFO - CPU: 2.3%, Mem: 13.4%, Temp: 42.355°C
2025-07-24 10:30:43,751 - PawikanSentinel - INFO - CPU: 2.7%, Mem: 13.4%, Temp: 41.868°C
2025-07-24 10:30:45,107 - PawikanSentinel - INFO - CPU: 2.5%, Mem: 13.4%, Temp: 42.842°C
2025-07-24 10:30:46,466 - PawikanSentinel - INFO - CPU: 2.7%, Mem: 13.4%, Temp: 42.355°C
2025-07-24 10:30:47,824 - PawikanSentinel - INFO - CPU: 2.8%, Mem: 13.4%, Temp: 41.868°C
2025-07-24 10:30:49,271 - PawikanSentinel - INFO - CPU: 11.4%, Mem: 13.5%, Temp: 42.842°C
2025-07-24 10:30:50,801 - PawikanSentinel - INFO - CPU: 0.8%, Mem: 13.5%, Temp: 42.355°C
2025-07-24 10:30:52,161 - PawikanSentinel - INFO - CPU: 1.8%, Mem: 13.5%, Temp: 41.868°C
2025-07-24 10:30:53,517 - PawikanSentinel - INFO - CPU: 3.3%, Mem: 13.5%, Temp: 41.868°C
2025-07-24 10:30:55,140 - PawikanSentinel - INFO - CPU: 1.7%, Mem: 13.5%, Temp: 41.381°C
2025-07-24 10:30:56,526 - PawikanSentinel - INFO - CPU: 5.8%, Mem: 13.5%, Temp: 42.355°C
2025-07-24 10:30:57,899 - PawikanSentinel - INFO - CPU: 1.3%, Mem: 13.5%, Temp: 43.329°C
2025-07-24 10:30:59,270 - PawikanSentinel - INFO - CPU: 3.5%, Mem: 13.4%, Temp: 42.355°C
2025-07-24 10:31:00,750 - PawikanSentinel - INFO - CPU: 5.5%, Mem: 13.4%, Temp: 42.355°C
2025-07-24 10:31:02,110 - PawikanSentinel - INFO - CPU: 7.5%, Mem: 13.4%, Temp: 42.842°C
2025-07-24 10:31:03,480 - PawikanSentinel - INFO - CPU: 1.5%, Mem: 13.4%, Temp: 42.842°C
2025-07-24 10:31:04,838 - PawikanSentinel - INFO - CPU: 2.5%, Mem: 13.4%, Temp: 42.355°C
2025-07-24 10:31:06,244 - PawikanSentinel - INFO - CPU: 2.7%, Mem: 13.4%, Temp: 42.355°C
2025-07-24 10:31:07,598 - PawikanSentinel - INFO - CPU: 2.5%, Mem: 13.4%, Temp: 42.355°C
2025-07-24 10:31:08,955 - PawikanSentinel - INFO - CPU: 3.0%, Mem: 13.4%, Temp: 42.842°C
2025-07-24 10:31:10,308 - PawikanSentinel - INFO - CPU: 2.8%, Mem: 13.4%, Temp: 41.868°C
2025-07-24 10:31:11,727 - PawikanSentinel - INFO - CPU: 2.3%, Mem: 13.4%, Temp: 42.842°C
2025-07-24 10:31:13,086 - PawikanSentinel - INFO - CPU: 2.0%, Mem: 13.4%, Temp: 43.816°C
2025-07-24 10:31:14,444 - PawikanSentinel - INFO - CPU: 2.0%, Mem: 13.4%, Temp: 43.329°C
2025-07-24 10:31:15,807 - PawikanSentinel - INFO - CPU: 2.5%, Mem: 13.4%, Temp: 41.868°C
2025-07-24 10:31:17,229 - PawikanSentinel - INFO - CPU: 2.3%, Mem: 13.4%, Temp: 42.355°C
2025-07-24 10:31:18,582 - PawikanSentinel - INFO - CPU: 2.5%, Mem: 13.4%, Temp: 41.868°C
2025-07-24 10:31:19,945 - PawikanSentinel - INFO - CPU: 3.2%, Mem: 13.4%, Temp: 42.355°C
2025-07-24 10:31:21,309 - PawikanSentinel - INFO - CPU: 2.5%, Mem: 13.4%, Temp: 41.868°C
2025-07-24 10:31:22,736 - PawikanSentinel - INFO - CPU: 2.7%, Mem: 13.4%, Temp: 41.868°C
2025-07-24 10:31:24,096 - PawikanSentinel - INFO - CPU: 2.0%, Mem: 13.4%, Temp: 42.842°C
2025-07-24 10:31:25,457 - PawikanSentinel - INFO - CPU: 2.5%, Mem: 13.4%, Temp: 42.355°C
2025-07-24 10:31:26,839 - PawikanSentinel - INFO - CPU: 2.0%, Mem: 13.4%, Temp: 41.868°C
2025-07-24 10:31:28,476 - PawikanSentinel - INFO - CPU: 15.4%, Mem: 13.4%, Temp: 42.842°C
2025-07-24 10:31:29,850 - PawikanSentinel - INFO - CPU: 1.5%, Mem: 13.4%, Temp: 43.329°C
2025-07-24 10:31:31,504 - PawikanSentinel - INFO - CPU: 7.1%, Mem: 13.7%, Temp: 44.303°C
2025-07-24 10:31:32,898 - PawikanSentinel - INFO - CPU: 2.8%, Mem: 13.7%, Temp: 43.329°C
2025-07-24 10:31:34,303 - PawikanSentinel - INFO - CPU: 9.8%, Mem: 13.6%, Temp: 43.329°C
2025-07-24 10:31:35,758 - PawikanSentinel - INFO - CPU: 5.3%, Mem: 13.7%, Temp: 43.329°C
2025-07-24 10:31:37,114 - PawikanSentinel - INFO - CPU: 15.8%, Mem: 13.8%, Temp: 43.816°C
2025-07-24 10:31:38,473 - PawikanSentinel - INFO - CPU: 6.8%, Mem: 13.8%, Temp: 42.842°C
2025-07-24 10:31:39,980 - PawikanSentinel - INFO - CPU: 1.5%, Mem: 13.8%, Temp: 42.842°C
2025-07-24 10:31:41,377 - PawikanSentinel - INFO - CPU: 1.3%, Mem: 13.8%, Temp: 43.329°C
2025-07-24 10:31:42,799 - PawikanSentinel - INFO - CPU: 2.5%, Mem: 12.7%, Temp: 42.842°C
2025-07-24 10:31:44,183 - PawikanSentinel - INFO - CPU: 1.7%, Mem: 12.7%, Temp: 41.868°C
2025-07-24 10:31:45,640 - PawikanSentinel - INFO - CPU: 1.3%, Mem: 12.7%, Temp: 42.842°C
2025-07-24 10:31:47,031 - PawikanSentinel - INFO - CPU: 1.2%, Mem: 12.7%, Temp: 42.842°C
2025-07-24 10:31:48,417 - PawikanSentinel - INFO - CPU: 2.2%, Mem: 12.6%, Temp: 42.355°C
2025-07-24 10:31:49,795 - PawikanSentinel - INFO - CPU: 1.5%, Mem: 12.6%, Temp: 41.868°C
2025-07-24 10:31:51,220 - PawikanSentinel - INFO - CPU: 1.3%, Mem: 12.6%, Temp: 42.355°C
2025-07-24 10:31:52,603 - PawikanSentinel - INFO - CPU: 1.5%, Mem: 12.6%, Temp: 42.842°C
2025-07-24 10:31:53,987 - PawikanSentinel - INFO - CPU: 0.8%, Mem: 12.6%, Temp: 42.842°C
2025-07-24 10:31:55,374 - PawikanSentinel - INFO - CPU: 1.5%, Mem: 12.6%, Temp: 41.868°C
2025-07-24 10:31:56,815 - PawikanSentinel - INFO - CPU: 1.7%, Mem: 12.6%, Temp: 43.329°C
2025-07-24 10:31:58,182 - PawikanSentinel - INFO - CPU: 2.2%, Mem: 12.6%, Temp: 43.329°C
2025-07-24 10:31:59,575 - PawikanSentinel - INFO - CPU: 2.3%, Mem: 12.6%, Temp: 42.355°C
2025-07-24 10:32:01,180 - PawikanSentinel - INFO - CPU: 10.6%, Mem: 12.6%, Temp: 42.842°C
2025-07-24 10:32:02,537 - PawikanSentinel - INFO - CPU: 3.8%, Mem: 12.5%, Temp: 41.868°C
2025-07-24 10:32:03,999 - PawikanSentinel - INFO - CPU: 1.8%, Mem: 12.6%, Temp: 42.842°C
2025-07-24 10:32:05,369 - PawikanSentinel - INFO - CPU: 10.9%, Mem: 12.6%, Temp: 43.329°C
2025-07-24 10:32:06,879 - PawikanSentinel - INFO - CPU: 5.5%, Mem: 12.5%, Temp: 42.842°C
2025-07-24 10:32:08,270 - PawikanSentinel - INFO - CPU: 12.7%, Mem: 12.6%, Temp: 43.329°C
2025-07-24 10:32:09,717 - PawikanSentinel - INFO - CPU: 5.3%, Mem: 12.6%, Temp: 42.842°C
2025-07-24 10:32:11,083 - PawikanSentinel - INFO - CPU: 1.8%, Mem: 12.5%, Temp: 43.329°C
2025-07-24 10:32:12,478 - PawikanSentinel - INFO - CPU: 2.5%, Mem: 12.5%, Temp: 43.329°C
2025-07-24 10:32:13,837 - PawikanSentinel - INFO - CPU: 2.0%, Mem: 12.5%, Temp: 42.842°C
2025-07-24 10:32:15,188 - PawikanSentinel - INFO - CPU: 6.7%, Mem: 12.5%, Temp: 43.329°C
2025-07-24 10:32:16,726 - PawikanSentinel - INFO - CPU: 14.1%, Mem: 12.5%, Temp: 43.329°C
2025-07-24 10:32:18,117 - PawikanSentinel - INFO - CPU: 19.6%, Mem: 12.5%, Temp: 44.303°C
2025-07-24 10:32:19,666 - PawikanSentinel - INFO - CPU: 9.8%, Mem: 12.5%, Temp: 45.277°C
2025-07-24 10:32:21,026 - PawikanSentinel - INFO - CPU: 6.3%, Mem: 12.5%, Temp: 43.816°C
2025-07-24 10:32:22,399 - PawikanSentinel - INFO - CPU: 3.5%, Mem: 12.5%, Temp: 43.329°C
2025-07-24 10:32:23,750 - PawikanSentinel - INFO - CPU: 2.3%, Mem: 12.5%, Temp: 43.329°C
2025-07-24 10:32:25,116 - PawikanSentinel - INFO - CPU: 7.8%, Mem: 12.5%, Temp: 43.816°C
2025-07-24 10:32:26,474 - PawikanSentinel - INFO - CPU: 2.2%, Mem: 12.5%, Temp: 43.329°C
2025-07-24 10:32:27,877 - PawikanSentinel - INFO - CPU: 15.4%, Mem: 12.5%, Temp: 42.355°C
2025-07-24 10:32:29,230 - PawikanSentinel - INFO - CPU: 9.6%, Mem: 12.5%, Temp: 43.816°C
2025-07-24 10:32:30,597 - PawikanSentinel - INFO - CPU: 11.8%, Mem: 12.5%, Temp: 43.329°C
2025-07-24 10:32:31,983 - PawikanSentinel - INFO - CPU: 1.3%, Mem: 12.5%, Temp: 43.329°C
2025-07-24 10:32:33,414 - PawikanSentinel - INFO - CPU: 2.2%, Mem: 12.6%, Temp: 43.816°C
2025-07-24 10:32:34,768 - PawikanSentinel - INFO - CPU: 2.3%, Mem: 12.6%, Temp: 42.842°C
2025-07-24 10:32:36,126 - PawikanSentinel - INFO - CPU: 3.2%, Mem: 12.6%, Temp: 42.355°C
2025-07-24 10:32:36,479 - PawikanSentinel - INFO - Display closed by user.
2025-07-24 10:32:36,495 - PawikanSentinel - INFO - Pawikan Sentinel application terminated.
2025-07-24 10:43:05,523 - PawikanSentinel - INFO - Pawikan Sentinel application started.
2025-07-24 10:43:10,264 - PawikanSentinel - INFO - CPU: 8.5%, Mem: 13.5%, Temp: 40.894°C
2025-07-24 10:43:11,619 - PawikanSentinel - INFO - CPU: 1.8%, Mem: 14.0%, Temp: 39.92°C
2025-07-24 10:43:13,471 - PawikanSentinel - INFO - CPU: 1.7%, Mem: 13.9%, Temp: 41.381°C
2025-07-24 10:43:14,803 - PawikanSentinel - INFO - CPU: 2.5%, Mem: 13.8%, Temp: 39.92°C
2025-07-24 10:43:16,139 - PawikanSentinel - INFO - CPU: 2.0%, Mem: 13.8%, Temp: 41.381°C
2025-07-24 10:43:17,471 - PawikanSentinel - INFO - CPU: 2.5%, Mem: 13.7%, Temp: 40.407°C
2025-07-24 10:43:18,868 - PawikanSentinel - INFO - CPU: 2.2%, Mem: 13.7%, Temp: 40.407°C
2025-07-24 10:43:20,213 - PawikanSentinel - INFO - CPU: 1.7%, Mem: 13.7%, Temp: 40.894°C
2025-07-24 10:43:21,533 - PawikanSentinel - INFO - CPU: 3.0%, Mem: 13.6%, Temp: 40.894°C
2025-07-24 10:43:22,862 - PawikanSentinel - INFO - CPU: 2.5%, Mem: 13.6%, Temp: 40.894°C
2025-07-24 10:43:24,220 - PawikanSentinel - INFO - CPU: 2.2%, Mem: 13.6%, Temp: 40.407°C
2025-07-24 10:43:25,540 - PawikanSentinel - INFO - CPU: 2.3%, Mem: 13.5%, Temp: 39.92°C
2025-07-24 10:43:26,861 - PawikanSentinel - INFO - CPU: 3.0%, Mem: 13.5%, Temp: 39.92°C
2025-07-24 10:43:28,187 - PawikanSentinel - INFO - CPU: 2.2%, Mem: 13.5%, Temp: 41.381°C
2025-07-24 10:43:29,552 - PawikanSentinel - INFO - CPU: 2.5%, Mem: 13.4%, Temp: 40.407°C
2025-07-24 10:43:30,873 - PawikanSentinel - INFO - CPU: 3.3%, Mem: 13.5%, Temp: 41.868°C
2025-07-24 10:43:32,236 - PawikanSentinel - INFO - CPU: 7.6%, Mem: 13.4%, Temp: 40.894°C
2025-07-24 10:43:33,619 - PawikanSentinel - INFO - CPU: 12.3%, Mem: 13.5%, Temp: 41.868°C
2025-07-24 10:43:35,064 - PawikanSentinel - INFO - CPU: 7.3%, Mem: 13.5%, Temp: 41.868°C
2025-07-24 10:43:36,407 - PawikanSentinel - INFO - CPU: 11.1%, Mem: 13.5%, Temp: 40.894°C
2025-07-24 10:43:37,748 - PawikanSentinel - INFO - CPU: 6.0%, Mem: 13.5%, Temp: 41.868°C
2025-07-24 10:43:39,241 - PawikanSentinel - INFO - CPU: 14.1%, Mem: 13.4%, Temp: 42.355°C
2025-07-24 10:43:40,612 - PawikanSentinel - INFO - CPU: 2.0%, Mem: 13.4%, Temp: 41.381°C
2025-07-24 10:43:41,983 - PawikanSentinel - INFO - CPU: 12.6%, Mem: 13.4%, Temp: 42.355°C
2025-07-24 10:43:43,435 - PawikanSentinel - INFO - CPU: 9.0%, Mem: 13.4%, Temp: 41.868°C
2025-07-24 10:43:44,894 - PawikanSentinel - INFO - CPU: 1.5%, Mem: 13.4%, Temp: 41.868°C
2025-07-24 10:43:46,265 - PawikanSentinel - INFO - CPU: 2.2%, Mem: 13.4%, Temp: 41.868°C
2025-07-24 10:43:47,604 - PawikanSentinel - INFO - CPU: 1.7%, Mem: 13.4%, Temp: 41.868°C
2025-07-24 10:43:48,939 - PawikanSentinel - INFO - CPU: 1.5%, Mem: 13.4%, Temp: 40.894°C
2025-07-24 10:43:50,280 - PawikanSentinel - INFO - CPU: 1.8%, Mem: 13.4%, Temp: 40.407°C
2025-07-24 10:43:51,680 - PawikanSentinel - INFO - CPU: 1.7%, Mem: 13.4%, Temp: 40.407°C
2025-07-24 10:43:53,013 - PawikanSentinel - INFO - CPU: 2.0%, Mem: 13.4%, Temp: 41.381°C
2025-07-24 10:43:54,368 - PawikanSentinel - INFO - CPU: 2.0%, Mem: 13.5%, Temp: 42.355°C
2025-07-24 10:43:55,694 - PawikanSentinel - INFO - CPU: 2.2%, Mem: 13.5%, Temp: 41.381°C
2025-07-24 10:43:57,066 - PawikanSentinel - INFO - CPU: 2.5%, Mem: 13.4%, Temp: 41.381°C
2025-07-24 10:43:58,403 - PawikanSentinel - INFO - CPU: 1.5%, Mem: 13.4%, Temp: 41.868°C
2025-07-24 10:43:59,758 - PawikanSentinel - INFO - CPU: 2.7%, Mem: 13.4%, Temp: 42.355°C
2025-07-24 10:44:01,082 - PawikanSentinel - INFO - CPU: 2.8%, Mem: 13.4%, Temp: 41.868°C
2025-07-24 10:44:02,503 - PawikanSentinel - INFO - CPU: 8.5%, Mem: 13.4%, Temp: 42.355°C
2025-07-24 10:44:03,848 - PawikanSentinel - INFO - CPU: 0.8%, Mem: 13.4%, Temp: 41.381°C
2025-07-24 10:44:05,165 - PawikanSentinel - INFO - CPU: 11.0%, Mem: 13.4%, Temp: 41.868°C
2025-07-24 10:44:06,491 - PawikanSentinel - INFO - CPU: 17.8%, Mem: 12.7%, Temp: 42.355°C
2025-07-24 10:44:07,837 - PawikanSentinel - INFO - CPU: 1.3%, Mem: 12.8%, Temp: 40.894°C
2025-07-24 10:44:09,237 - PawikanSentinel - INFO - CPU: 2.5%, Mem: 12.7%, Temp: 41.381°C
2025-07-24 10:44:10,595 - PawikanSentinel - INFO - CPU: 3.3%, Mem: 12.7%, Temp: 40.894°C
2025-07-24 10:44:11,943 - PawikanSentinel - INFO - CPU: 0.5%, Mem: 12.8%, Temp: 40.894°C
2025-07-24 10:44:13,331 - PawikanSentinel - INFO - CPU: 2.5%, Mem: 12.7%, Temp: 41.868°C
2025-07-24 10:44:14,688 - PawikanSentinel - INFO - CPU: 3.3%, Mem: 12.7%, Temp: 41.868°C
2025-07-24 10:44:16,048 - PawikanSentinel - INFO - CPU: 4.0%, Mem: 12.7%, Temp: 41.868°C
2025-07-24 10:44:17,407 - PawikanSentinel - INFO - CPU: 2.2%, Mem: 12.6%, Temp: 41.381°C
2025-07-24 10:44:18,808 - PawikanSentinel - INFO - CPU: 9.9%, Mem: 12.6%, Temp: 41.381°C
2025-07-24 10:44:20,154 - PawikanSentinel - INFO - CPU: 1.0%, Mem: 12.7%, Temp: 41.381°C
2025-07-24 10:44:21,478 - PawikanSentinel - INFO - CPU: 2.7%, Mem: 12.6%, Temp: 42.842°C
2025-07-24 10:44:22,807 - PawikanSentinel - INFO - CPU: 2.3%, Mem: 12.6%, Temp: 42.355°C
2025-07-24 10:44:24,196 - PawikanSentinel - INFO - CPU: 2.2%, Mem: 12.6%, Temp: 41.868°C
2025-07-24 10:44:25,522 - PawikanSentinel - INFO - CPU: 2.7%, Mem: 12.5%, Temp: 41.868°C
2025-07-24 10:44:26,846 - PawikanSentinel - INFO - CPU: 2.7%, Mem: 12.5%, Temp: 41.868°C
2025-07-24 10:44:28,177 - PawikanSentinel - INFO - CPU: 3.0%, Mem: 12.5%, Temp: 41.868°C
2025-07-24 10:44:29,568 - PawikanSentinel - INFO - CPU: 2.0%, Mem: 12.5%, Temp: 40.894°C
2025-07-24 10:44:30,893 - PawikanSentinel - INFO - CPU: 2.3%, Mem: 12.5%, Temp: 41.868°C
2025-07-24 10:44:32,219 - PawikanSentinel - INFO - CPU: 2.8%, Mem: 12.5%, Temp: 41.381°C
2025-07-24 10:44:33,543 - PawikanSentinel - INFO - CPU: 2.5%, Mem: 12.5%, Temp: 40.894°C
2025-07-24 10:44:34,928 - PawikanSentinel - INFO - CPU: 2.2%, Mem: 12.5%, Temp: 41.868°C
2025-07-24 10:44:36,254 - PawikanSentinel - INFO - CPU: 2.5%, Mem: 12.5%, Temp: 42.355°C
2025-07-24 10:44:37,581 - PawikanSentinel - INFO - CPU: 2.7%, Mem: 12.5%, Temp: 41.381°C
2025-07-24 10:44:38,913 - PawikanSentinel - INFO - CPU: 2.0%, Mem: 12.5%, Temp: 41.381°C
2025-07-24 10:44:40,296 - PawikanSentinel - INFO - CPU: 2.0%, Mem: 12.5%, Temp: 40.894°C
2025-07-24 10:44:41,621 - PawikanSentinel - INFO - CPU: 2.5%, Mem: 12.5%, Temp: 41.868°C
2025-07-24 10:44:42,951 - PawikanSentinel - INFO - CPU: 2.3%, Mem: 12.5%, Temp: 42.842°C
2025-07-24 10:44:44,306 - PawikanSentinel - INFO - CPU: 2.7%, Mem: 12.6%, Temp: 42.355°C
2025-07-24 10:44:45,698 - PawikanSentinel - INFO - CPU: 2.8%, Mem: 12.6%, Temp: 43.329°C
2025-07-24 10:44:47,053 - PawikanSentinel - INFO - CPU: 1.7%, Mem: 12.6%, Temp: 42.842°C
2025-07-24 10:44:48,388 - PawikanSentinel - INFO - CPU: 2.0%, Mem: 12.6%, Temp: 41.868°C
2025-07-24 10:44:48,703 - PawikanSentinel - INFO - Display closed by user.
2025-07-24 10:44:48,720 - PawikanSentinel - INFO - Pawikan Sentinel application terminated.
2025-07-24 10:46:45,237 - PawikanSentinel - INFO - Pawikan Sentinel application started.
2025-07-24 10:46:49,884 - PawikanSentinel - INFO - CPU: 9.8%, Mem: 12.3%, Temp: 41.381°C
2025-07-24 10:46:51,246 - PawikanSentinel - INFO - CPU: 2.0%, Mem: 12.5%, Temp: 40.407°C
2025-07-24 10:46:52,631 - PawikanSentinel - INFO - CPU: 1.8%, Mem: 12.5%, Temp: 40.407°C
2025-07-24 10:46:53,974 - PawikanSentinel - INFO - CPU: 1.8%, Mem: 12.5%, Temp: 39.92°C
2025-07-24 10:46:55,319 - PawikanSentinel - INFO - CPU: 2.5%, Mem: 12.5%, Temp: 40.894°C
2025-07-24 10:46:56,668 - PawikanSentinel - INFO - CPU: 2.0%, Mem: 12.5%, Temp: 39.92°C
2025-07-24 10:46:58,077 - PawikanSentinel - INFO - CPU: 2.2%, Mem: 12.5%, Temp: 40.894°C
2025-07-24 10:46:59,425 - PawikanSentinel - INFO - CPU: 1.8%, Mem: 12.5%, Temp: 41.868°C
2025-07-24 10:47:00,774 - PawikanSentinel - INFO - CPU: 2.0%, Mem: 12.5%, Temp: 40.894°C
2025-07-24 10:47:02,119 - PawikanSentinel - INFO - CPU: 2.0%, Mem: 12.5%, Temp: 40.894°C
2025-07-24 10:47:03,517 - PawikanSentinel - INFO - CPU: 2.3%, Mem: 12.4%, Temp: 40.407°C
2025-07-24 10:47:04,866 - PawikanSentinel - INFO - CPU: 2.0%, Mem: 12.4%, Temp: 41.381°C
2025-07-24 10:47:06,213 - PawikanSentinel - INFO - CPU: 2.0%, Mem: 12.3%, Temp: 41.868°C
2025-07-24 10:47:07,560 - PawikanSentinel - INFO - CPU: 2.2%, Mem: 12.4%, Temp: 40.894°C
2025-07-24 10:47:08,967 - PawikanSentinel - INFO - CPU: 1.8%, Mem: 12.3%, Temp: 40.407°C
2025-07-24 10:47:10,309 - PawikanSentinel - INFO - CPU: 2.2%, Mem: 12.4%, Temp: 41.868°C
2025-07-24 10:47:11,660 - PawikanSentinel - INFO - CPU: 2.0%, Mem: 12.4%, Temp: 41.381°C
2025-07-24 10:47:13,009 - PawikanSentinel - INFO - CPU: 2.2%, Mem: 12.4%, Temp: 41.868°C
2025-07-24 10:47:14,389 - PawikanSentinel - INFO - CPU: 2.0%, Mem: 12.4%, Temp: 40.894°C
2025-07-24 10:47:15,764 - PawikanSentinel - INFO - CPU: 1.3%, Mem: 12.4%, Temp: 41.868°C
2025-07-24 10:47:17,111 - PawikanSentinel - INFO - CPU: 25.6%, Mem: 12.5%, Temp: 42.355°C
2025-07-24 10:47:18,578 - PawikanSentinel - INFO - CPU: 3.0%, Mem: 12.5%, Temp: 42.842°C
2025-07-24 10:47:19,992 - PawikanSentinel - INFO - CPU: 0.8%, Mem: 12.5%, Temp: 40.894°C
2025-07-24 10:47:21,337 - PawikanSentinel - INFO - CPU: 2.3%, Mem: 12.5%, Temp: 42.355°C
2025-07-24 10:47:22,727 - PawikanSentinel - INFO - CPU: 1.8%, Mem: 12.5%, Temp: 41.868°C
2025-07-24 10:47:24,095 - PawikanSentinel - INFO - CPU: 0.8%, Mem: 12.5%, Temp: 40.894°C
2025-07-24 10:47:25,507 - PawikanSentinel - INFO - CPU: 1.0%, Mem: 12.5%, Temp: 41.381°C
2025-07-24 10:47:26,888 - PawikanSentinel - INFO - CPU: 1.5%, Mem: 12.4%, Temp: 42.355°C
2025-07-24 10:47:28,249 - PawikanSentinel - INFO - CPU: 1.8%, Mem: 12.5%, Temp: 41.381°C
2025-07-24 10:47:29,627 - PawikanSentinel - INFO - CPU: 1.7%, Mem: 12.5%, Temp: 41.381°C
2025-07-24 10:47:31,059 - PawikanSentinel - INFO - CPU: 2.0%, Mem: 12.5%, Temp: 41.381°C
2025-07-24 10:47:32,424 - PawikanSentinel - INFO - CPU: 1.3%, Mem: 12.4%, Temp: 42.355°C
2025-07-24 10:47:33,792 - PawikanSentinel - INFO - CPU: 1.5%, Mem: 12.4%, Temp: 41.868°C
2025-07-24 10:47:35,138 - PawikanSentinel - INFO - CPU: 2.0%, Mem: 12.4%, Temp: 42.355°C
2025-07-24 10:47:36,537 - PawikanSentinel - INFO - CPU: 1.8%, Mem: 12.4%, Temp: 41.381°C
2025-07-24 10:47:37,894 - PawikanSentinel - INFO - CPU: 2.3%, Mem: 12.4%, Temp: 41.381°C
2025-07-24 10:47:39,310 - PawikanSentinel - INFO - CPU: 0.7%, Mem: 12.5%, Temp: 41.868°C
2025-07-24 10:47:40,682 - PawikanSentinel - INFO - CPU: 1.5%, Mem: 12.5%, Temp: 41.868°C
2025-07-24 10:47:42,107 - PawikanSentinel - INFO - CPU: 1.2%, Mem: 12.4%, Temp: 42.842°C
2025-07-24 10:47:43,462 - PawikanSentinel - INFO - CPU: 2.2%, Mem: 12.4%, Temp: 40.894°C
2025-07-24 10:47:44,815 - PawikanSentinel - INFO - CPU: 2.0%, Mem: 12.5%, Temp: 42.842°C
2025-07-24 10:47:46,180 - PawikanSentinel - INFO - CPU: 1.8%, Mem: 12.5%, Temp: 42.355°C
2025-07-24 10:47:46,208 - PawikanSentinel - WARNING - Failed to read frame. Attempting to reconnect...
2025-07-24 10:47:50,496 - PawikanSentinel - INFO - CPU: 2.7%, Mem: 12.4%, Temp: 40.894°C
2025-07-24 10:47:51,843 - PawikanSentinel - INFO - CPU: 2.0%, Mem: 12.4%, Temp: 40.894°C
2025-07-24 10:47:53,195 - PawikanSentinel - INFO - CPU: 2.0%, Mem: 12.4%, Temp: 41.381°C
2025-07-24 10:47:54,549 - PawikanSentinel - INFO - CPU: 1.8%, Mem: 12.4%, Temp: 41.868°C
2025-07-24 10:47:55,988 - PawikanSentinel - INFO - CPU: 1.8%, Mem: 12.5%, Temp: 41.381°C
2025-07-24 10:47:57,340 - PawikanSentinel - INFO - CPU: 1.8%, Mem: 12.5%, Temp: 41.868°C
2025-07-24 10:47:58,696 - PawikanSentinel - INFO - CPU: 1.5%, Mem: 12.5%, Temp: 41.381°C
2025-07-24 10:48:00,065 - PawikanSentinel - INFO - CPU: 1.0%, Mem: 12.5%, Temp: 40.894°C
2025-07-24 10:48:01,495 - PawikanSentinel - INFO - CPU: 1.2%, Mem: 12.5%, Temp: 41.381°C
2025-07-24 10:48:02,865 - PawikanSentinel - INFO - CPU: 0.8%, Mem: 12.5%, Temp: 41.381°C
2025-07-24 10:48:04,231 - PawikanSentinel - INFO - CPU: 1.0%, Mem: 12.5%, Temp: 41.868°C
2025-07-24 10:48:05,594 - PawikanSentinel - INFO - CPU: 1.3%, Mem: 12.5%, Temp: 42.842°C
2025-07-24 10:48:06,998 - PawikanSentinel - INFO - CPU: 2.0%, Mem: 12.5%, Temp: 42.842°C
2025-07-24 10:48:08,348 - PawikanSentinel - INFO - CPU: 1.5%, Mem: 12.5%, Temp: 41.868°C
2025-07-24 10:48:09,708 - PawikanSentinel - INFO - CPU: 1.5%, Mem: 12.5%, Temp: 40.407°C
2025-07-24 10:48:11,059 - PawikanSentinel - INFO - CPU: 2.0%, Mem: 12.5%, Temp: 41.381°C
2025-07-24 10:48:12,478 - PawikanSentinel - INFO - CPU: 2.5%, Mem: 12.5%, Temp: 41.868°C
2025-07-24 10:48:13,827 - PawikanSentinel - INFO - CPU: 2.2%, Mem: 12.5%, Temp: 41.381°C
2025-07-24 10:48:15,183 - PawikanSentinel - INFO - CPU: 1.8%, Mem: 12.5%, Temp: 42.355°C
2025-07-24 10:48:16,533 - PawikanSentinel - INFO - CPU: 2.0%, Mem: 12.5%, Temp: 40.894°C
2025-07-24 10:48:17,952 - PawikanSentinel - INFO - CPU: 1.5%, Mem: 12.5%, Temp: 40.407°C
2025-07-24 10:48:19,305 - PawikanSentinel - INFO - CPU: 2.0%, Mem: 12.5%, Temp: 41.868°C
2025-07-24 10:48:20,658 - PawikanSentinel - INFO - CPU: 2.2%, Mem: 12.5%, Temp: 40.894°C
2025-07-24 10:48:22,036 - PawikanSentinel - INFO - CPU: 1.0%, Mem: 12.5%, Temp: 41.868°C
2025-07-24 10:48:23,464 - PawikanSentinel - INFO - CPU: 1.3%, Mem: 12.5%, Temp: 41.868°C
2025-07-24 10:48:24,809 - PawikanSentinel - INFO - CPU: 2.5%, Mem: 12.5%, Temp: 42.355°C
2025-07-24 10:48:26,157 - PawikanSentinel - INFO - CPU: 2.0%, Mem: 12.5%, Temp: 42.355°C
2025-07-24 10:48:27,513 - PawikanSentinel - INFO - CPU: 1.8%, Mem: 12.5%, Temp: 41.381°C
2025-07-24 10:48:28,909 - PawikanSentinel - INFO - CPU: 1.7%, Mem: 12.5%, Temp: 41.381°C
2025-07-24 10:48:30,260 - PawikanSentinel - INFO - CPU: 1.7%, Mem: 12.4%, Temp: 41.381°C
2025-07-24 10:48:31,612 - PawikanSentinel - INFO - CPU: 1.8%, Mem: 12.4%, Temp: 41.381°C
2025-07-24 10:48:32,983 - PawikanSentinel - INFO - CPU: 0.8%, Mem: 12.5%, Temp: 42.842°C
2025-07-24 10:48:34,408 - PawikanSentinel - INFO - CPU: 1.0%, Mem: 12.4%, Temp: 41.868°C
2025-07-24 10:48:35,773 - PawikanSentinel - INFO - CPU: 1.0%, Mem: 12.4%, Temp: 41.868°C
2025-07-24 10:48:37,161 - PawikanSentinel - INFO - CPU: 1.2%, Mem: 12.5%, Temp: 42.355°C
2025-07-24 10:48:38,512 - PawikanSentinel - INFO - CPU: 1.8%, Mem: 12.5%, Temp: 41.381°C
2025-07-24 10:48:39,933 - PawikanSentinel - INFO - CPU: 1.2%, Mem: 12.5%, Temp: 42.355°C
2025-07-24 10:48:41,296 - PawikanSentinel - INFO - CPU: 8.1%, Mem: 12.5%, Temp: 42.355°C
2025-07-24 10:48:42,675 - PawikanSentinel - INFO - CPU: 0.8%, Mem: 12.5%, Temp: 41.868°C
2025-07-24 10:48:44,029 - PawikanSentinel - INFO - CPU: 2.0%, Mem: 12.5%, Temp: 41.381°C
2025-07-24 10:48:45,437 - PawikanSentinel - INFO - CPU: 0.8%, Mem: 12.5%, Temp: 41.868°C
2025-07-24 10:48:46,805 - PawikanSentinel - INFO - CPU: 1.2%, Mem: 12.5%, Temp: 41.381°C
2025-07-24 10:48:48,169 - PawikanSentinel - INFO - CPU: 1.3%, Mem: 12.5%, Temp: 43.329°C
2025-07-24 10:48:49,542 - PawikanSentinel - INFO - CPU: 0.8%, Mem: 12.5%, Temp: 40.407°C
2025-07-24 10:48:50,981 - PawikanSentinel - INFO - CPU: 8.9%, Mem: 12.4%, Temp: 43.816°C
2025-07-24 10:48:52,351 - PawikanSentinel - INFO - CPU: 1.0%, Mem: 12.4%, Temp: 42.355°C
2025-07-24 10:48:53,729 - PawikanSentinel - INFO - CPU: 0.8%, Mem: 12.5%, Temp: 41.868°C
2025-07-24 10:48:55,086 - PawikanSentinel - INFO - CPU: 1.3%, Mem: 12.5%, Temp: 41.868°C
2025-07-24 10:48:56,489 - PawikanSentinel - INFO - CPU: 1.2%, Mem: 12.5%, Temp: 41.381°C
2025-07-24 10:48:58,090 - PawikanSentinel - INFO - CPU: 1.5%, Mem: 12.5%, Temp: 41.868°C
2025-07-24 10:48:59,458 - PawikanSentinel - INFO - CPU: 1.2%, Mem: 12.5%, Temp: 43.329°C
2025-07-24 10:49:00,808 - PawikanSentinel - INFO - CPU: 2.7%, Mem: 12.5%, Temp: 41.381°C
2025-07-24 10:49:02,239 - PawikanSentinel - INFO - CPU: 1.3%, Mem: 12.5%, Temp: 42.355°C
2025-07-24 10:49:03,632 - PawikanSentinel - INFO - CPU: 8.3%, Mem: 12.5%, Temp: 42.355°C
2025-07-24 10:49:04,994 - PawikanSentinel - INFO - CPU: 1.0%, Mem: 12.5%, Temp: 41.868°C
2025-07-24 10:49:06,354 - PawikanSentinel - INFO - CPU: 16.4%, Mem: 12.5%, Temp: 42.355°C
2025-07-24 10:49:08,208 - PawikanSentinel - INFO - CPU: 4.8%, Mem: 12.4%, Temp: 42.842°C
2025-07-24 10:49:09,602 - PawikanSentinel - INFO - CPU: 8.8%, Mem: 12.5%, Temp: 43.329°C
2025-07-24 10:49:10,995 - PawikanSentinel - INFO - CPU: 5.8%, Mem: 12.6%, Temp: 42.842°C
2025-07-24 10:49:12,345 - PawikanSentinel - INFO - CPU: 2.3%, Mem: 12.6%, Temp: 41.868°C
2025-07-24 10:49:13,941 - PawikanSentinel - INFO - CPU: 11.4%, Mem: 12.6%, Temp: 42.842°C
2025-07-24 10:49:15,314 - PawikanSentinel - INFO - CPU: 7.5%, Mem: 12.6%, Temp: 41.868°C
2025-07-24 10:49:16,750 - PawikanSentinel - INFO - CPU: 4.3%, Mem: 12.5%, Temp: 41.381°C
2025-07-24 10:49:18,221 - PawikanSentinel - INFO - CPU: 9.1%, Mem: 12.6%, Temp: 41.868°C
2025-07-24 10:49:19,928 - PawikanSentinel - INFO - CPU: 12.0%, Mem: 12.5%, Temp: 43.816°C
2025-07-24 10:49:21,470 - PawikanSentinel - INFO - CPU: 15.2%, Mem: 12.5%, Temp: 42.842°C
2025-07-24 10:49:22,997 - PawikanSentinel - INFO - CPU: 9.0%, Mem: 12.5%, Temp: 43.329°C
2025-07-24 10:49:24,498 - PawikanSentinel - INFO - CPU: 8.1%, Mem: 12.5%, Temp: 42.355°C
2025-07-24 10:49:26,013 - PawikanSentinel - INFO - CPU: 5.5%, Mem: 12.5%, Temp: 43.329°C
2025-07-24 10:49:27,374 - PawikanSentinel - INFO - CPU: 4.0%, Mem: 12.5%, Temp: 43.329°C
2025-07-24 10:49:28,957 - PawikanSentinel - INFO - CPU: 7.8%, Mem: 12.5%, Temp: 42.842°C
2025-07-24 10:49:30,388 - PawikanSentinel - INFO - CPU: 3.5%, Mem: 12.4%, Temp: 43.329°C
2025-07-24 10:49:31,781 - PawikanSentinel - INFO - CPU: 1.0%, Mem: 12.4%, Temp: 42.355°C
2025-07-24 10:49:33,318 - PawikanSentinel - INFO - CPU: 2.0%, Mem: 12.5%, Temp: 42.355°C
2025-07-24 10:49:34,709 - PawikanSentinel - INFO - CPU: 10.0%, Mem: 12.5%, Temp: 41.868°C
2025-07-24 10:49:36,068 - PawikanSentinel - INFO - CPU: 2.0%, Mem: 12.5%, Temp: 42.842°C
2025-07-24 10:49:37,424 - PawikanSentinel - INFO - CPU: 4.0%, Mem: 12.5%, Temp: 43.329°C
2025-07-24 10:49:38,774 - PawikanSentinel - INFO - CPU: 2.0%, Mem: 12.5%, Temp: 42.842°C
2025-07-24 10:49:40,335 - PawikanSentinel - INFO - CPU: 1.8%, Mem: 12.5%, Temp: 41.868°C
2025-07-24 10:49:41,696 - PawikanSentinel - INFO - CPU: 1.5%, Mem: 12.5%, Temp: 42.842°C
2025-07-24 10:49:43,060 - PawikanSentinel - INFO - CPU: 1.2%, Mem: 12.5%, Temp: 42.355°C
2025-07-24 10:49:44,420 - PawikanSentinel - INFO - CPU: 1.5%, Mem: 12.5%, Temp: 41.381°C
2025-07-24 10:49:45,848 - PawikanSentinel - INFO - CPU: 1.2%, Mem: 12.5%, Temp: 41.868°C
2025-07-24 10:49:47,201 - PawikanSentinel - INFO - CPU: 1.5%, Mem: 12.5%, Temp: 42.842°C
2025-07-24 10:49:48,567 - PawikanSentinel - INFO - CPU: 1.0%, Mem: 12.5%, Temp: 41.868°C
2025-07-24 10:49:49,923 - PawikanSentinel - INFO - CPU: 2.0%, Mem: 12.5%, Temp: 42.355°C
2025-07-24 10:49:51,350 - PawikanSentinel - INFO - CPU: 1.7%, Mem: 12.4%, Temp: 42.842°C
2025-07-24 10:49:52,704 - PawikanSentinel - INFO - CPU: 1.5%, Mem: 12.4%, Temp: 41.868°C
2025-07-24 10:49:54,067 - PawikanSentinel - INFO - CPU: 1.7%, Mem: 12.4%, Temp: 42.842°C
2025-07-24 10:49:55,431 - PawikanSentinel - INFO - CPU: 1.0%, Mem: 12.4%, Temp: 41.381°C
2025-07-24 10:49:56,840 - PawikanSentinel - INFO - CPU: 2.5%, Mem: 12.4%, Temp: 42.842°C
2025-07-24 10:49:58,187 - PawikanSentinel - INFO - CPU: 2.0%, Mem: 12.4%, Temp: 43.329°C
2025-07-24 10:49:59,539 - PawikanSentinel - INFO - CPU: 2.0%, Mem: 12.4%, Temp: 43.329°C
2025-07-24 10:50:00,894 - PawikanSentinel - INFO - CPU: 2.0%, Mem: 12.4%, Temp: 42.355°C
2025-07-24 10:50:02,319 - PawikanSentinel - INFO - CPU: 1.5%, Mem: 12.4%, Temp: 42.355°C
2025-07-24 10:50:03,671 - PawikanSentinel - INFO - CPU: 1.8%, Mem: 12.4%, Temp: 42.355°C
2025-07-24 10:50:05,026 - PawikanSentinel - INFO - CPU: 2.0%, Mem: 12.4%, Temp: 43.816°C
2025-07-24 10:50:06,382 - PawikanSentinel - INFO - CPU: 1.7%, Mem: 12.4%, Temp: 42.842°C
2025-07-24 10:50:06,771 - PawikanSentinel - INFO - Display closed by user.
2025-07-24 10:50:06,787 - PawikanSentinel - INFO - Pawikan Sentinel application terminated.
